<?xml version="1.0" encoding="UTF-8"?>
<testsuite xmlns:xsi="http://www.w3.org/2001/XMLSchema-instance" xsi:noNamespaceSchemaLocation="https://maven.apache.org/surefire/maven-surefire-plugin/xsd/surefire-test-report-3.0.xsd" version="3.0" name="cat.inspla.ra3.UserValidatorTest" time="0.026" tests="8" errors="0" skipped="0" failures="0">
  <properties>
[...]
</properties>
  <testcase name="validateRequiredTextAmbNullLlançaExcepcio" classname="cat.inspla.ra3.UserValidatorTest" time="0.003"/>
  <testcase name="TODO_validateRequiredTextAmbCadenaBuidaLlançaExcepció" classname="cat.inspla.ra3.UserValidatorTest" time="0.002"/>
  <testcase name="edat19EsAdult" classname="cat.inspla.ra3.UserValidatorTest" time="0.002"/>
  <testcase name="edat17NoEsAdult" classname="cat.inspla.ra3.UserValidatorTest" time="0.002"/>
  <testcase name="TODO_usernameCorrecteÉsVàlid" classname="cat.inspla.ra3.UserValidatorTest" time="0.001"/>
  <testcase name="TODO_usernameMassaCurtNoÉsVàlid" classname="cat.inspla.ra3.UserValidatorTest" time="0.001"/>
  <testcase name="usernameNullNoEsValid" classname="cat.inspla.ra3.UserValidatorTest" time="0.002"/>
  <testcase name="edat18EsAdult" classname="cat.inspla.ra3.UserValidatorTest" time="0.001"/>
</testsuite>